<?xml version="1.0" encoding="UTF-8"?>
<!-- Generated by org.testng.reporters.JUnitReportReporter -->
<testsuite hostname="DESKTOP-66A6QG1" name="com.crm.qa.testcases.HomePageTest" tests="8" failures="0" timestamp="14 Oct 2019 20:20:11 GMT" time="86.254" errors="0">
  <testcase name="VerifyLinkFormsClick" time="9.945" classname="com.crm.qa.testcases.HomePageTest"/>
  <testcase name="VerifyHomePageTitle" time="9.517" classname="com.crm.qa.testcases.HomePageTest"/>
  <testcase name="VerifyLinkContactsClick" time="11.244" classname="com.crm.qa.testcases.HomePageTest"/>
  <testcase name="VerifyHomePageLogo" time="11.336" classname="com.crm.qa.testcases.HomePageTest"/>
  <testcase name="VerifyLinkDealsClick" time="10.855" classname="com.crm.qa.testcases.HomePageTest"/>
  <testcase name="VerifyLinkTasksClick" time="12.245" classname="com.crm.qa.testcases.HomePageTest"/>
  <testcase name="VerifyHomePageUserName" time="11.869" classname="com.crm.qa.testcases.HomePageTest"/>
  <testcase name="VerifyHomePageContents" time="9.243" classname="com.crm.qa.testcases.HomePageTest"/>
</testsuite> <!-- com.crm.qa.testcases.HomePageTest -->
