<?xml version="1.0" encoding="UTF-8"?>
<!-- Generated by org.testng.reporters.JUnitReportReporter -->
<testsuite hostname="DESKTOP-66A6QG1" name="com.crm.qa.testcases.LoginPageTest" tests="3" failures="0" timestamp="14 Oct 2019 20:20:11 GMT" time="31.133" errors="0">
  <testcase name="loginPageTitleTest" time="10.077" classname="com.crm.qa.testcases.LoginPageTest"/>
  <testcase name="verifyFreeCrmLogin" time="9.814" classname="com.crm.qa.testcases.LoginPageTest"/>
  <testcase name="crmLogoImageTest" time="11.242" classname="com.crm.qa.testcases.LoginPageTest"/>
</testsuite> <!-- com.crm.qa.testcases.LoginPageTest -->
