<?xml version="1.0" encoding="UTF-8"?>
<!-- Generated by org.testng.reporters.JUnitReportReporter -->
<testsuite hostname="DESKTOP-66A6QG1" name="com.qa.practice.HDFCBankTest" tests="1" failures="0" timestamp="12 Oct 2019 05:10:53 GMT" time="32.513" errors="0">
  <testcase name="test1" time="32.513" classname="com.qa.practice.HDFCBankTest"/>
</testsuite> <!-- com.qa.practice.HDFCBankTest -->
